
*** Running vivado
    with args -log RISCV.vds -m64 -product Vivado -mode batch -messageDb vivado.pb -notrace -source RISCV.tcl


****** Vivado v2019.1 (64-bit)
  **** SW Build 2552052 on Fri May 24 14:49:42 MDT 2019
  **** IP Build 2548770 on Fri May 24 18:01:18 MDT 2019
    ** Copyright 1986-2019 Xilinx, Inc. All Rights Reserved.

source RISCV.tcl -notrace
Command: synth_design -top RISCV -part xc7a12ticsg325-1L
Starting synth_design
Attempting to get a license for feature 'Synthesis' and/or device 'xc7a12ti'
INFO: [Common 17-349] Got license for feature 'Synthesis' and/or device 'xc7a12ti'
INFO: Launching helper process for spawning children vivado processes
INFO: Helper process launched with PID 19000 
---------------------------------------------------------------------------------
Starting Synthesize : Time (s): cpu = 00:00:05 ; elapsed = 00:00:05 . Memory (MB): peak = 445.473 ; gain = 153.207
---------------------------------------------------------------------------------
INFO: [Synth 8-638] synthesizing module 'RISCV' [C:/Users/nicol/Documents/GitHub/VHDL_Course/RV32I_SingleStage/RISCV_VivadoVHDLProject_vicilogic/HDLmodel/RISCV.vhd:23]
INFO: [Synth 8-3491] module 'riscv_if' declared at 'C:/Users/nicol/Documents/GitHub/VHDL_Course/RV32I_SingleStage/RISCV_VivadoVHDLProject_vicilogic/HDLmodel/IF/IF.vhd:5' bound to instance 'IF_i' of component 'RISCV_IF' [C:/Users/nicol/Documents/GitHub/VHDL_Course/RV32I_SingleStage/RISCV_VivadoVHDLProject_vicilogic/HDLmodel/RISCV.vhd:133]
INFO: [Synth 8-638] synthesizing module 'riscv_if' [C:/Users/nicol/Documents/GitHub/VHDL_Course/RV32I_SingleStage/RISCV_VivadoVHDLProject_vicilogic/HDLmodel/IF/IF.vhd:18]
INFO: [Synth 8-3491] module 'IM' declared at 'C:/Users/nicol/Documents/GitHub/VHDL_Course/RV32I_SingleStage/RISCV_VivadoVHDLProject_vicilogic/HDLmodel/IF/IM.vhd:12' bound to instance 'IM_i' of component 'IM' [C:/Users/nicol/Documents/GitHub/VHDL_Course/RV32I_SingleStage/RISCV_VivadoVHDLProject_vicilogic/HDLmodel/IF/IF.vhd:44]
INFO: [Synth 8-638] synthesizing module 'IM' [C:/Users/nicol/Documents/GitHub/VHDL_Course/RV32I_SingleStage/RISCV_VivadoVHDLProject_vicilogic/HDLmodel/IF/IM.vhd:19]
INFO: [Synth 8-256] done synthesizing module 'IM' (1#1) [C:/Users/nicol/Documents/GitHub/VHDL_Course/RV32I_SingleStage/RISCV_VivadoVHDLProject_vicilogic/HDLmodel/IF/IM.vhd:19]
INFO: [Synth 8-3491] module 'CB32CLEIncValue' declared at 'C:/Users/nicol/Documents/GitHub/VHDL_Course/RV32I_SingleStage/RISCV_VivadoVHDLProject_vicilogic/HDLmodel/IF/CB32CLEIncValue.vhd:12' bound to instance 'PSSU_i' of component 'CB32CLEIncValue' [C:/Users/nicol/Documents/GitHub/VHDL_Course/RV32I_SingleStage/RISCV_VivadoVHDLProject_vicilogic/HDLmodel/IF/IF.vhd:46]
INFO: [Synth 8-638] synthesizing module 'CB32CLEIncValue' [C:/Users/nicol/Documents/GitHub/VHDL_Course/RV32I_SingleStage/RISCV_VivadoVHDLProject_vicilogic/HDLmodel/IF/CB32CLEIncValue.vhd:24]
INFO: [Synth 8-256] done synthesizing module 'CB32CLEIncValue' (2#1) [C:/Users/nicol/Documents/GitHub/VHDL_Course/RV32I_SingleStage/RISCV_VivadoVHDLProject_vicilogic/HDLmodel/IF/CB32CLEIncValue.vhd:24]
INFO: [Synth 8-256] done synthesizing module 'riscv_if' (3#1) [C:/Users/nicol/Documents/GitHub/VHDL_Course/RV32I_SingleStage/RISCV_VivadoVHDLProject_vicilogic/HDLmodel/IF/IF.vhd:18]
INFO: [Synth 8-3491] module 'ID' declared at 'C:/Users/nicol/Documents/GitHub/VHDL_Course/RV32I_SingleStage/RISCV_VivadoVHDLProject_vicilogic/HDLmodel/ID/ID.vhd:18' bound to instance 'ID_i' of component 'ID' [C:/Users/nicol/Documents/GitHub/VHDL_Course/RV32I_SingleStage/RISCV_VivadoVHDLProject_vicilogic/HDLmodel/RISCV.vhd:152]
INFO: [Synth 8-638] synthesizing module 'ID' [C:/Users/nicol/Documents/GitHub/VHDL_Course/RV32I_SingleStage/RISCV_VivadoVHDLProject_vicilogic/HDLmodel/ID/ID.vhd:41]
INFO: [Synth 8-3491] module 'DEC' declared at 'C:/Users/nicol/Documents/GitHub/VHDL_Course/RV32I_SingleStage/RISCV_VivadoVHDLProject_vicilogic/HDLmodel/ID/DEC.vhd:5' bound to instance 'DEC_i' of component 'DEC' [C:/Users/nicol/Documents/GitHub/VHDL_Course/RV32I_SingleStage/RISCV_VivadoVHDLProject_vicilogic/HDLmodel/ID/ID.vhd:85]
INFO: [Synth 8-638] synthesizing module 'DEC' [C:/Users/nicol/Documents/GitHub/VHDL_Course/RV32I_SingleStage/RISCV_VivadoVHDLProject_vicilogic/HDLmodel/ID/DEC.vhd:26]
WARNING: [Synth 8-614] signal 'branch' is read in the process but is not in the sensitivity list [C:/Users/nicol/Documents/GitHub/VHDL_Course/RV32I_SingleStage/RISCV_VivadoVHDLProject_vicilogic/HDLmodel/ID/DEC.vhd:177]
INFO: [Synth 8-256] done synthesizing module 'DEC' (4#1) [C:/Users/nicol/Documents/GitHub/VHDL_Course/RV32I_SingleStage/RISCV_VivadoVHDLProject_vicilogic/HDLmodel/ID/DEC.vhd:26]
INFO: [Synth 8-3491] module 'RB' declared at 'C:/Users/nicol/Documents/GitHub/VHDL_Course/RV32I_SingleStage/RISCV_VivadoVHDLProject_vicilogic/HDLmodel/ID/RB.vhd:7' bound to instance 'RB_i' of component 'RB' [C:/Users/nicol/Documents/GitHub/VHDL_Course/RV32I_SingleStage/RISCV_VivadoVHDLProject_vicilogic/HDLmodel/ID/ID.vhd:105]
INFO: [Synth 8-638] synthesizing module 'RB' [C:/Users/nicol/Documents/GitHub/VHDL_Course/RV32I_SingleStage/RISCV_VivadoVHDLProject_vicilogic/HDLmodel/ID/RB.vhd:21]
WARNING: [Synth 8-614] signal 'CS' is read in the process but is not in the sensitivity list [C:/Users/nicol/Documents/GitHub/VHDL_Course/RV32I_SingleStage/RISCV_VivadoVHDLProject_vicilogic/HDLmodel/ID/RB.vhd:29]
WARNING: [Synth 8-614] signal 'RWr' is read in the process but is not in the sensitivity list [C:/Users/nicol/Documents/GitHub/VHDL_Course/RV32I_SingleStage/RISCV_VivadoVHDLProject_vicilogic/HDLmodel/ID/RB.vhd:39]
INFO: [Synth 8-256] done synthesizing module 'RB' (5#1) [C:/Users/nicol/Documents/GitHub/VHDL_Course/RV32I_SingleStage/RISCV_VivadoVHDLProject_vicilogic/HDLmodel/ID/RB.vhd:21]
INFO: [Synth 8-256] done synthesizing module 'ID' (6#1) [C:/Users/nicol/Documents/GitHub/VHDL_Course/RV32I_SingleStage/RISCV_VivadoVHDLProject_vicilogic/HDLmodel/ID/ID.vhd:41]
INFO: [Synth 8-3491] module 'EX' declared at 'C:/Users/nicol/Documents/GitHub/VHDL_Course/RV32I_SingleStage/RISCV_VivadoVHDLProject_vicilogic/HDLmodel/EX/EX.vhd:6' bound to instance 'EX_i' of component 'EX' [C:/Users/nicol/Documents/GitHub/VHDL_Course/RV32I_SingleStage/RISCV_VivadoVHDLProject_vicilogic/HDLmodel/RISCV.vhd:174]
INFO: [Synth 8-638] synthesizing module 'EX' [C:/Users/nicol/Documents/GitHub/VHDL_Course/RV32I_SingleStage/RISCV_VivadoVHDLProject_vicilogic/HDLmodel/EX/EX.vhd:23]
INFO: [Synth 8-3491] module 'ALU' declared at 'C:/Users/nicol/Documents/GitHub/VHDL_Course/RV32I_SingleStage/RISCV_VivadoVHDLProject_vicilogic/HDLmodel/EX/ALU.vhd:5' bound to instance 'ALU_i' of component 'ALU' [C:/Users/nicol/Documents/GitHub/VHDL_Course/RV32I_SingleStage/RISCV_VivadoVHDLProject_vicilogic/HDLmodel/EX/EX.vhd:41]
INFO: [Synth 8-638] synthesizing module 'ALU' [C:/Users/nicol/Documents/GitHub/VHDL_Course/RV32I_SingleStage/RISCV_VivadoVHDLProject_vicilogic/HDLmodel/EX/ALU.vhd:15]
WARNING: [Synth 8-614] signal 'out_s' is read in the process but is not in the sensitivity list [C:/Users/nicol/Documents/GitHub/VHDL_Course/RV32I_SingleStage/RISCV_VivadoVHDLProject_vicilogic/HDLmodel/EX/ALU.vhd:21]
INFO: [Synth 8-256] done synthesizing module 'ALU' (7#1) [C:/Users/nicol/Documents/GitHub/VHDL_Course/RV32I_SingleStage/RISCV_VivadoVHDLProject_vicilogic/HDLmodel/EX/ALU.vhd:15]
WARNING: [Synth 8-614] signal 'extImm' is read in the process but is not in the sensitivity list [C:/Users/nicol/Documents/GitHub/VHDL_Course/RV32I_SingleStage/RISCV_VivadoVHDLProject_vicilogic/HDLmodel/EX/EX.vhd:59]
INFO: [Synth 8-256] done synthesizing module 'EX' (8#1) [C:/Users/nicol/Documents/GitHub/VHDL_Course/RV32I_SingleStage/RISCV_VivadoVHDLProject_vicilogic/HDLmodel/EX/EX.vhd:23]
INFO: [Synth 8-3491] module 'MEM' declared at 'C:/Users/nicol/Documents/GitHub/VHDL_Course/RV32I_SingleStage/RISCV_VivadoVHDLProject_vicilogic/HDLmodel/MEM/MEM.vhd:12' bound to instance 'MEM_i' of component 'MEM' [C:/Users/nicol/Documents/GitHub/VHDL_Course/RV32I_SingleStage/RISCV_VivadoVHDLProject_vicilogic/HDLmodel/RISCV.vhd:190]
INFO: [Synth 8-638] synthesizing module 'MEM' [C:/Users/nicol/Documents/GitHub/VHDL_Course/RV32I_SingleStage/RISCV_VivadoVHDLProject_vicilogic/HDLmodel/MEM/MEM.vhd:25]
INFO: [Synth 8-3491] module 'CB16CLED' declared at 'C:/Users/nicol/Documents/GitHub/VHDL_Course/RV32I_SingleStage/RISCV_VivadoVHDLProject_vicilogic/HDLmodel/MEM/CB16CLED.vhd:35' bound to instance 'CB16CLED_i' of component 'CB16CLED' [C:/Users/nicol/Documents/GitHub/VHDL_Course/RV32I_SingleStage/RISCV_VivadoVHDLProject_vicilogic/HDLmodel/MEM/MEM.vhd:48]
INFO: [Synth 8-638] synthesizing module 'CB16CLED' [C:/Users/nicol/Documents/GitHub/VHDL_Course/RV32I_SingleStage/RISCV_VivadoVHDLProject_vicilogic/HDLmodel/MEM/CB16CLED.vhd:46]
INFO: [Synth 8-256] done synthesizing module 'CB16CLED' (9#1) [C:/Users/nicol/Documents/GitHub/VHDL_Course/RV32I_SingleStage/RISCV_VivadoVHDLProject_vicilogic/HDLmodel/MEM/CB16CLED.vhd:46]
WARNING: [Synth 8-614] signal 'rst' is read in the process but is not in the sensitivity list [C:/Users/nicol/Documents/GitHub/VHDL_Course/RV32I_SingleStage/RISCV_VivadoVHDLProject_vicilogic/HDLmodel/MEM/MEM.vhd:77]
WARNING: [Synth 8-614] signal 'rst' is read in the process but is not in the sensitivity list [C:/Users/nicol/Documents/GitHub/VHDL_Course/RV32I_SingleStage/RISCV_VivadoVHDLProject_vicilogic/HDLmodel/MEM/MEM.vhd:88]
WARNING: [Synth 8-614] signal 'rst' is read in the process but is not in the sensitivity list [C:/Users/nicol/Documents/GitHub/VHDL_Course/RV32I_SingleStage/RISCV_VivadoVHDLProject_vicilogic/HDLmodel/MEM/MEM.vhd:97]
WARNING: [Synth 8-614] signal 'rst' is read in the process but is not in the sensitivity list [C:/Users/nicol/Documents/GitHub/VHDL_Course/RV32I_SingleStage/RISCV_VivadoVHDLProject_vicilogic/HDLmodel/MEM/MEM.vhd:109]
WARNING: [Synth 8-614] signal 'MRd' is read in the process but is not in the sensitivity list [C:/Users/nicol/Documents/GitHub/VHDL_Course/RV32I_SingleStage/RISCV_VivadoVHDLProject_vicilogic/HDLmodel/MEM/MEM.vhd:123]
WARNING: [Synth 8-614] signal 'cInPOutP' is read in the process but is not in the sensitivity list [C:/Users/nicol/Documents/GitHub/VHDL_Course/RV32I_SingleStage/RISCV_VivadoVHDLProject_vicilogic/HDLmodel/MEM/MEM.vhd:123]
WARNING: [Synth 8-614] signal 'ce0' is read in the process but is not in the sensitivity list [C:/Users/nicol/Documents/GitHub/VHDL_Course/RV32I_SingleStage/RISCV_VivadoVHDLProject_vicilogic/HDLmodel/MEM/MEM.vhd:145]
WARNING: [Synth 8-614] signal 'ce1' is read in the process but is not in the sensitivity list [C:/Users/nicol/Documents/GitHub/VHDL_Course/RV32I_SingleStage/RISCV_VivadoVHDLProject_vicilogic/HDLmodel/MEM/MEM.vhd:145]
WARNING: [Synth 8-6014] Unused sequential element memArray_reg[0] was removed.  [C:/Users/nicol/Documents/GitHub/VHDL_Course/RV32I_SingleStage/RISCV_VivadoVHDLProject_vicilogic/HDLmodel/MEM/MEM.vhd:69]
WARNING: [Synth 8-6014] Unused sequential element memArray_reg[1] was removed.  [C:/Users/nicol/Documents/GitHub/VHDL_Course/RV32I_SingleStage/RISCV_VivadoVHDLProject_vicilogic/HDLmodel/MEM/MEM.vhd:69]
WARNING: [Synth 8-6014] Unused sequential element memArray_reg[2] was removed.  [C:/Users/nicol/Documents/GitHub/VHDL_Course/RV32I_SingleStage/RISCV_VivadoVHDLProject_vicilogic/HDLmodel/MEM/MEM.vhd:69]
WARNING: [Synth 8-6014] Unused sequential element memArray_reg[3] was removed.  [C:/Users/nicol/Documents/GitHub/VHDL_Course/RV32I_SingleStage/RISCV_VivadoVHDLProject_vicilogic/HDLmodel/MEM/MEM.vhd:69]
WARNING: [Synth 8-6014] Unused sequential element memArray_reg[4] was removed.  [C:/Users/nicol/Documents/GitHub/VHDL_Course/RV32I_SingleStage/RISCV_VivadoVHDLProject_vicilogic/HDLmodel/MEM/MEM.vhd:69]
WARNING: [Synth 8-6014] Unused sequential element memArray_reg[5] was removed.  [C:/Users/nicol/Documents/GitHub/VHDL_Course/RV32I_SingleStage/RISCV_VivadoVHDLProject_vicilogic/HDLmodel/MEM/MEM.vhd:69]
WARNING: [Synth 8-6014] Unused sequential element memArray_reg[6] was removed.  [C:/Users/nicol/Documents/GitHub/VHDL_Course/RV32I_SingleStage/RISCV_VivadoVHDLProject_vicilogic/HDLmodel/MEM/MEM.vhd:69]
WARNING: [Synth 8-6014] Unused sequential element memArray_reg[7] was removed.  [C:/Users/nicol/Documents/GitHub/VHDL_Course/RV32I_SingleStage/RISCV_VivadoVHDLProject_vicilogic/HDLmodel/MEM/MEM.vhd:69]
WARNING: [Synth 8-6014] Unused sequential element memArray_reg[8] was removed.  [C:/Users/nicol/Documents/GitHub/VHDL_Course/RV32I_SingleStage/RISCV_VivadoVHDLProject_vicilogic/HDLmodel/MEM/MEM.vhd:69]
WARNING: [Synth 8-6014] Unused sequential element memArray_reg[9] was removed.  [C:/Users/nicol/Documents/GitHub/VHDL_Course/RV32I_SingleStage/RISCV_VivadoVHDLProject_vicilogic/HDLmodel/MEM/MEM.vhd:69]
WARNING: [Synth 8-6014] Unused sequential element memArray_reg[10] was removed.  [C:/Users/nicol/Documents/GitHub/VHDL_Course/RV32I_SingleStage/RISCV_VivadoVHDLProject_vicilogic/HDLmodel/MEM/MEM.vhd:69]
WARNING: [Synth 8-6014] Unused sequential element memArray_reg[11] was removed.  [C:/Users/nicol/Documents/GitHub/VHDL_Course/RV32I_SingleStage/RISCV_VivadoVHDLProject_vicilogic/HDLmodel/MEM/MEM.vhd:69]
WARNING: [Synth 8-6014] Unused sequential element memArray_reg[12] was removed.  [C:/Users/nicol/Documents/GitHub/VHDL_Course/RV32I_SingleStage/RISCV_VivadoVHDLProject_vicilogic/HDLmodel/MEM/MEM.vhd:69]
WARNING: [Synth 8-6014] Unused sequential element memArray_reg[13] was removed.  [C:/Users/nicol/Documents/GitHub/VHDL_Course/RV32I_SingleStage/RISCV_VivadoVHDLProject_vicilogic/HDLmodel/MEM/MEM.vhd:69]
WARNING: [Synth 8-6014] Unused sequential element memArray_reg[14] was removed.  [C:/Users/nicol/Documents/GitHub/VHDL_Course/RV32I_SingleStage/RISCV_VivadoVHDLProject_vicilogic/HDLmodel/MEM/MEM.vhd:69]
WARNING: [Synth 8-6014] Unused sequential element memArray_reg[15] was removed.  [C:/Users/nicol/Documents/GitHub/VHDL_Course/RV32I_SingleStage/RISCV_VivadoVHDLProject_vicilogic/HDLmodel/MEM/MEM.vhd:69]
WARNING: [Synth 8-6014] Unused sequential element memArray_reg[16] was removed.  [C:/Users/nicol/Documents/GitHub/VHDL_Course/RV32I_SingleStage/RISCV_VivadoVHDLProject_vicilogic/HDLmodel/MEM/MEM.vhd:69]
WARNING: [Synth 8-6014] Unused sequential element memArray_reg[17] was removed.  [C:/Users/nicol/Documents/GitHub/VHDL_Course/RV32I_SingleStage/RISCV_VivadoVHDLProject_vicilogic/HDLmodel/MEM/MEM.vhd:69]
WARNING: [Synth 8-6014] Unused sequential element memArray_reg[18] was removed.  [C:/Users/nicol/Documents/GitHub/VHDL_Course/RV32I_SingleStage/RISCV_VivadoVHDLProject_vicilogic/HDLmodel/MEM/MEM.vhd:69]
WARNING: [Synth 8-6014] Unused sequential element memArray_reg[19] was removed.  [C:/Users/nicol/Documents/GitHub/VHDL_Course/RV32I_SingleStage/RISCV_VivadoVHDLProject_vicilogic/HDLmodel/MEM/MEM.vhd:69]
WARNING: [Synth 8-6014] Unused sequential element memArray_reg[20] was removed.  [C:/Users/nicol/Documents/GitHub/VHDL_Course/RV32I_SingleStage/RISCV_VivadoVHDLProject_vicilogic/HDLmodel/MEM/MEM.vhd:69]
WARNING: [Synth 8-6014] Unused sequential element memArray_reg[21] was removed.  [C:/Users/nicol/Documents/GitHub/VHDL_Course/RV32I_SingleStage/RISCV_VivadoVHDLProject_vicilogic/HDLmodel/MEM/MEM.vhd:69]
WARNING: [Synth 8-6014] Unused sequential element memArray_reg[22] was removed.  [C:/Users/nicol/Documents/GitHub/VHDL_Course/RV32I_SingleStage/RISCV_VivadoVHDLProject_vicilogic/HDLmodel/MEM/MEM.vhd:69]
WARNING: [Synth 8-6014] Unused sequential element memArray_reg[23] was removed.  [C:/Users/nicol/Documents/GitHub/VHDL_Course/RV32I_SingleStage/RISCV_VivadoVHDLProject_vicilogic/HDLmodel/MEM/MEM.vhd:69]
WARNING: [Synth 8-6014] Unused sequential element memArray_reg[24] was removed.  [C:/Users/nicol/Documents/GitHub/VHDL_Course/RV32I_SingleStage/RISCV_VivadoVHDLProject_vicilogic/HDLmodel/MEM/MEM.vhd:69]
WARNING: [Synth 8-6014] Unused sequential element memArray_reg[25] was removed.  [C:/Users/nicol/Documents/GitHub/VHDL_Course/RV32I_SingleStage/RISCV_VivadoVHDLProject_vicilogic/HDLmodel/MEM/MEM.vhd:69]
WARNING: [Synth 8-6014] Unused sequential element memArray_reg[26] was removed.  [C:/Users/nicol/Documents/GitHub/VHDL_Course/RV32I_SingleStage/RISCV_VivadoVHDLProject_vicilogic/HDLmodel/MEM/MEM.vhd:69]
WARNING: [Synth 8-6014] Unused sequential element memArray_reg[27] was removed.  [C:/Users/nicol/Documents/GitHub/VHDL_Course/RV32I_SingleStage/RISCV_VivadoVHDLProject_vicilogic/HDLmodel/MEM/MEM.vhd:69]
WARNING: [Synth 8-6014] Unused sequential element memArray_reg[28] was removed.  [C:/Users/nicol/Documents/GitHub/VHDL_Course/RV32I_SingleStage/RISCV_VivadoVHDLProject_vicilogic/HDLmodel/MEM/MEM.vhd:69]
WARNING: [Synth 8-6014] Unused sequential element memArray_reg[29] was removed.  [C:/Users/nicol/Documents/GitHub/VHDL_Course/RV32I_SingleStage/RISCV_VivadoVHDLProject_vicilogic/HDLmodel/MEM/MEM.vhd:69]
WARNING: [Synth 8-6014] Unused sequential element memArray_reg[30] was removed.  [C:/Users/nicol/Documents/GitHub/VHDL_Course/RV32I_SingleStage/RISCV_VivadoVHDLProject_vicilogic/HDLmodel/MEM/MEM.vhd:69]
WARNING: [Synth 8-6014] Unused sequential element memArray_reg[31] was removed.  [C:/Users/nicol/Documents/GitHub/VHDL_Course/RV32I_SingleStage/RISCV_VivadoVHDLProject_vicilogic/HDLmodel/MEM/MEM.vhd:69]
WARNING: [Synth 8-6014] Unused sequential element memArray_reg[32] was removed.  [C:/Users/nicol/Documents/GitHub/VHDL_Course/RV32I_SingleStage/RISCV_VivadoVHDLProject_vicilogic/HDLmodel/MEM/MEM.vhd:69]
WARNING: [Synth 8-6014] Unused sequential element memArray_reg[33] was removed.  [C:/Users/nicol/Documents/GitHub/VHDL_Course/RV32I_SingleStage/RISCV_VivadoVHDLProject_vicilogic/HDLmodel/MEM/MEM.vhd:69]
WARNING: [Synth 8-6014] Unused sequential element memArray_reg[34] was removed.  [C:/Users/nicol/Documents/GitHub/VHDL_Course/RV32I_SingleStage/RISCV_VivadoVHDLProject_vicilogic/HDLmodel/MEM/MEM.vhd:69]
WARNING: [Synth 8-6014] Unused sequential element memArray_reg[35] was removed.  [C:/Users/nicol/Documents/GitHub/VHDL_Course/RV32I_SingleStage/RISCV_VivadoVHDLProject_vicilogic/HDLmodel/MEM/MEM.vhd:69]
WARNING: [Synth 8-6014] Unused sequential element memArray_reg[36] was removed.  [C:/Users/nicol/Documents/GitHub/VHDL_Course/RV32I_SingleStage/RISCV_VivadoVHDLProject_vicilogic/HDLmodel/MEM/MEM.vhd:69]
WARNING: [Synth 8-6014] Unused sequential element memArray_reg[37] was removed.  [C:/Users/nicol/Documents/GitHub/VHDL_Course/RV32I_SingleStage/RISCV_VivadoVHDLProject_vicilogic/HDLmodel/MEM/MEM.vhd:69]
WARNING: [Synth 8-6014] Unused sequential element memArray_reg[38] was removed.  [C:/Users/nicol/Documents/GitHub/VHDL_Course/RV32I_SingleStage/RISCV_VivadoVHDLProject_vicilogic/HDLmodel/MEM/MEM.vhd:69]
WARNING: [Synth 8-6014] Unused sequential element memArray_reg[39] was removed.  [C:/Users/nicol/Documents/GitHub/VHDL_Course/RV32I_SingleStage/RISCV_VivadoVHDLProject_vicilogic/HDLmodel/MEM/MEM.vhd:69]
WARNING: [Synth 8-6014] Unused sequential element memArray_reg[40] was removed.  [C:/Users/nicol/Documents/GitHub/VHDL_Course/RV32I_SingleStage/RISCV_VivadoVHDLProject_vicilogic/HDLmodel/MEM/MEM.vhd:69]
WARNING: [Synth 8-6014] Unused sequential element memArray_reg[41] was removed.  [C:/Users/nicol/Documents/GitHub/VHDL_Course/RV32I_SingleStage/RISCV_VivadoVHDLProject_vicilogic/HDLmodel/MEM/MEM.vhd:69]
WARNING: [Synth 8-6014] Unused sequential element memArray_reg[42] was removed.  [C:/Users/nicol/Documents/GitHub/VHDL_Course/RV32I_SingleStage/RISCV_VivadoVHDLProject_vicilogic/HDLmodel/MEM/MEM.vhd:69]
WARNING: [Synth 8-6014] Unused sequential element memArray_reg[43] was removed.  [C:/Users/nicol/Documents/GitHub/VHDL_Course/RV32I_SingleStage/RISCV_VivadoVHDLProject_vicilogic/HDLmodel/MEM/MEM.vhd:69]
WARNING: [Synth 8-6014] Unused sequential element memArray_reg[44] was removed.  [C:/Users/nicol/Documents/GitHub/VHDL_Course/RV32I_SingleStage/RISCV_VivadoVHDLProject_vicilogic/HDLmodel/MEM/MEM.vhd:69]
WARNING: [Synth 8-6014] Unused sequential element memArray_reg[45] was removed.  [C:/Users/nicol/Documents/GitHub/VHDL_Course/RV32I_SingleStage/RISCV_VivadoVHDLProject_vicilogic/HDLmodel/MEM/MEM.vhd:69]
WARNING: [Synth 8-6014] Unused sequential element memArray_reg[46] was removed.  [C:/Users/nicol/Documents/GitHub/VHDL_Course/RV32I_SingleStage/RISCV_VivadoVHDLProject_vicilogic/HDLmodel/MEM/MEM.vhd:69]
WARNING: [Synth 8-6014] Unused sequential element memArray_reg[47] was removed.  [C:/Users/nicol/Documents/GitHub/VHDL_Course/RV32I_SingleStage/RISCV_VivadoVHDLProject_vicilogic/HDLmodel/MEM/MEM.vhd:69]
WARNING: [Synth 8-6014] Unused sequential element memArray_reg[48] was removed.  [C:/Users/nicol/Documents/GitHub/VHDL_Course/RV32I_SingleStage/RISCV_VivadoVHDLProject_vicilogic/HDLmodel/MEM/MEM.vhd:69]
WARNING: [Synth 8-6014] Unused sequential element memArray_reg[49] was removed.  [C:/Users/nicol/Documents/GitHub/VHDL_Course/RV32I_SingleStage/RISCV_VivadoVHDLProject_vicilogic/HDLmodel/MEM/MEM.vhd:69]
WARNING: [Synth 8-6014] Unused sequential element memArray_reg[50] was removed.  [C:/Users/nicol/Documents/GitHub/VHDL_Course/RV32I_SingleStage/RISCV_VivadoVHDLProject_vicilogic/HDLmodel/MEM/MEM.vhd:69]
WARNING: [Synth 8-6014] Unused sequential element memArray_reg[51] was removed.  [C:/Users/nicol/Documents/GitHub/VHDL_Course/RV32I_SingleStage/RISCV_VivadoVHDLProject_vicilogic/HDLmodel/MEM/MEM.vhd:69]
WARNING: [Synth 8-6014] Unused sequential element memArray_reg[52] was removed.  [C:/Users/nicol/Documents/GitHub/VHDL_Course/RV32I_SingleStage/RISCV_VivadoVHDLProject_vicilogic/HDLmodel/MEM/MEM.vhd:69]
WARNING: [Synth 8-6014] Unused sequential element memArray_reg[53] was removed.  [C:/Users/nicol/Documents/GitHub/VHDL_Course/RV32I_SingleStage/RISCV_VivadoVHDLProject_vicilogic/HDLmodel/MEM/MEM.vhd:69]
WARNING: [Synth 8-6014] Unused sequential element memArray_reg[54] was removed.  [C:/Users/nicol/Documents/GitHub/VHDL_Course/RV32I_SingleStage/RISCV_VivadoVHDLProject_vicilogic/HDLmodel/MEM/MEM.vhd:69]
WARNING: [Synth 8-6014] Unused sequential element memArray_reg[55] was removed.  [C:/Users/nicol/Documents/GitHub/VHDL_Course/RV32I_SingleStage/RISCV_VivadoVHDLProject_vicilogic/HDLmodel/MEM/MEM.vhd:69]
WARNING: [Synth 8-6014] Unused sequential element memArray_reg[56] was removed.  [C:/Users/nicol/Documents/GitHub/VHDL_Course/RV32I_SingleStage/RISCV_VivadoVHDLProject_vicilogic/HDLmodel/MEM/MEM.vhd:69]
WARNING: [Synth 8-6014] Unused sequential element memArray_reg[57] was removed.  [C:/Users/nicol/Documents/GitHub/VHDL_Course/RV32I_SingleStage/RISCV_VivadoVHDLProject_vicilogic/HDLmodel/MEM/MEM.vhd:69]
WARNING: [Synth 8-6014] Unused sequential element memArray_reg[58] was removed.  [C:/Users/nicol/Documents/GitHub/VHDL_Course/RV32I_SingleStage/RISCV_VivadoVHDLProject_vicilogic/HDLmodel/MEM/MEM.vhd:69]
WARNING: [Synth 8-6014] Unused sequential element memArray_reg[59] was removed.  [C:/Users/nicol/Documents/GitHub/VHDL_Course/RV32I_SingleStage/RISCV_VivadoVHDLProject_vicilogic/HDLmodel/MEM/MEM.vhd:69]
WARNING: [Synth 8-6014] Unused sequential element memArray_reg[60] was removed.  [C:/Users/nicol/Documents/GitHub/VHDL_Course/RV32I_SingleStage/RISCV_VivadoVHDLProject_vicilogic/HDLmodel/MEM/MEM.vhd:69]
WARNING: [Synth 8-6014] Unused sequential element memArray_reg[61] was removed.  [C:/Users/nicol/Documents/GitHub/VHDL_Course/RV32I_SingleStage/RISCV_VivadoVHDLProject_vicilogic/HDLmodel/MEM/MEM.vhd:69]
WARNING: [Synth 8-6014] Unused sequential element memArray_reg[62] was removed.  [C:/Users/nicol/Documents/GitHub/VHDL_Course/RV32I_SingleStage/RISCV_VivadoVHDLProject_vicilogic/HDLmodel/MEM/MEM.vhd:69]
WARNING: [Synth 8-6014] Unused sequential element memArray_reg[63] was removed.  [C:/Users/nicol/Documents/GitHub/VHDL_Course/RV32I_SingleStage/RISCV_VivadoVHDLProject_vicilogic/HDLmodel/MEM/MEM.vhd:69]
INFO: [Synth 8-256] done synthesizing module 'MEM' (10#1) [C:/Users/nicol/Documents/GitHub/VHDL_Course/RV32I_SingleStage/RISCV_VivadoVHDLProject_vicilogic/HDLmodel/MEM/MEM.vhd:25]
INFO: [Synth 8-3491] module 'WB' declared at 'C:/Users/nicol/Documents/GitHub/VHDL_Course/RV32I_SingleStage/RISCV_VivadoVHDLProject_vicilogic/HDLmodel/WB/WB.vhd:5' bound to instance 'WB_i' of component 'WB' [C:/Users/nicol/Documents/GitHub/VHDL_Course/RV32I_SingleStage/RISCV_VivadoVHDLProject_vicilogic/HDLmodel/RISCV.vhd:202]
INFO: [Synth 8-638] synthesizing module 'WB' [C:/Users/nicol/Documents/GitHub/VHDL_Course/RV32I_SingleStage/RISCV_VivadoVHDLProject_vicilogic/HDLmodel/WB/WB.vhd:15]
INFO: [Synth 8-256] done synthesizing module 'WB' (11#1) [C:/Users/nicol/Documents/GitHub/VHDL_Course/RV32I_SingleStage/RISCV_VivadoVHDLProject_vicilogic/HDLmodel/WB/WB.vhd:15]
INFO: [Synth 8-256] done synthesizing module 'RISCV' (12#1) [C:/Users/nicol/Documents/GitHub/VHDL_Course/RV32I_SingleStage/RISCV_VivadoVHDLProject_vicilogic/HDLmodel/RISCV.vhd:23]
WARNING: [Synth 8-3331] design MEM has unconnected port add[31]
WARNING: [Synth 8-3331] design MEM has unconnected port add[30]
WARNING: [Synth 8-3331] design MEM has unconnected port add[29]
WARNING: [Synth 8-3331] design MEM has unconnected port add[28]
WARNING: [Synth 8-3331] design MEM has unconnected port add[27]
WARNING: [Synth 8-3331] design MEM has unconnected port add[26]
WARNING: [Synth 8-3331] design MEM has unconnected port add[25]
WARNING: [Synth 8-3331] design MEM has unconnected port add[24]
WARNING: [Synth 8-3331] design MEM has unconnected port add[23]
WARNING: [Synth 8-3331] design MEM has unconnected port add[22]
WARNING: [Synth 8-3331] design MEM has unconnected port add[21]
WARNING: [Synth 8-3331] design MEM has unconnected port add[20]
WARNING: [Synth 8-3331] design MEM has unconnected port add[19]
WARNING: [Synth 8-3331] design MEM has unconnected port add[18]
WARNING: [Synth 8-3331] design MEM has unconnected port add[17]
WARNING: [Synth 8-3331] design MEM has unconnected port add[15]
WARNING: [Synth 8-3331] design MEM has unconnected port add[14]
WARNING: [Synth 8-3331] design MEM has unconnected port add[13]
WARNING: [Synth 8-3331] design MEM has unconnected port add[12]
WARNING: [Synth 8-3331] design MEM has unconnected port add[11]
WARNING: [Synth 8-3331] design MEM has unconnected port add[10]
WARNING: [Synth 8-3331] design MEM has unconnected port add[9]
WARNING: [Synth 8-3331] design MEM has unconnected port add[8]
WARNING: [Synth 8-3331] design MEM has unconnected port add[7]
WARNING: [Synth 8-3331] design MEM has unconnected port add[6]
WARNING: [Synth 8-3331] design MEM has unconnected port add[5]
WARNING: [Synth 8-3331] design MEM has unconnected port DToM[31]
WARNING: [Synth 8-3331] design MEM has unconnected port DToM[30]
WARNING: [Synth 8-3331] design MEM has unconnected port DToM[29]
WARNING: [Synth 8-3331] design MEM has unconnected port DToM[28]
WARNING: [Synth 8-3331] design MEM has unconnected port DToM[27]
WARNING: [Synth 8-3331] design MEM has unconnected port DToM[26]
WARNING: [Synth 8-3331] design MEM has unconnected port DToM[25]
WARNING: [Synth 8-3331] design MEM has unconnected port DToM[24]
WARNING: [Synth 8-3331] design MEM has unconnected port DToM[23]
WARNING: [Synth 8-3331] design MEM has unconnected port DToM[22]
WARNING: [Synth 8-3331] design MEM has unconnected port DToM[21]
WARNING: [Synth 8-3331] design MEM has unconnected port DToM[20]
WARNING: [Synth 8-3331] design MEM has unconnected port DToM[19]
WARNING: [Synth 8-3331] design MEM has unconnected port DToM[18]
WARNING: [Synth 8-3331] design MEM has unconnected port DToM[17]
WARNING: [Synth 8-3331] design MEM has unconnected port DToM[16]
WARNING: [Synth 8-3331] design IM has unconnected port PC[31]
WARNING: [Synth 8-3331] design IM has unconnected port PC[30]
WARNING: [Synth 8-3331] design IM has unconnected port PC[29]
WARNING: [Synth 8-3331] design IM has unconnected port PC[28]
WARNING: [Synth 8-3331] design IM has unconnected port PC[27]
WARNING: [Synth 8-3331] design IM has unconnected port PC[26]
WARNING: [Synth 8-3331] design IM has unconnected port PC[25]
WARNING: [Synth 8-3331] design IM has unconnected port PC[24]
WARNING: [Synth 8-3331] design IM has unconnected port PC[23]
WARNING: [Synth 8-3331] design IM has unconnected port PC[22]
WARNING: [Synth 8-3331] design IM has unconnected port PC[21]
WARNING: [Synth 8-3331] design IM has unconnected port PC[20]
WARNING: [Synth 8-3331] design IM has unconnected port PC[19]
WARNING: [Synth 8-3331] design IM has unconnected port PC[18]
WARNING: [Synth 8-3331] design IM has unconnected port PC[17]
WARNING: [Synth 8-3331] design IM has unconnected port PC[16]
WARNING: [Synth 8-3331] design IM has unconnected port PC[15]
WARNING: [Synth 8-3331] design IM has unconnected port PC[14]
WARNING: [Synth 8-3331] design IM has unconnected port PC[13]
WARNING: [Synth 8-3331] design IM has unconnected port PC[12]
WARNING: [Synth 8-3331] design IM has unconnected port PC[11]
WARNING: [Synth 8-3331] design IM has unconnected port PC[10]
WARNING: [Synth 8-3331] design IM has unconnected port PC[9]
WARNING: [Synth 8-3331] design IM has unconnected port PC[8]
WARNING: [Synth 8-3331] design IM has unconnected port PC[1]
WARNING: [Synth 8-3331] design IM has unconnected port PC[0]
WARNING: [Synth 8-3331] design IM has unconnected port ce
---------------------------------------------------------------------------------
Finished Synthesize : Time (s): cpu = 00:00:07 ; elapsed = 00:00:08 . Memory (MB): peak = 509.121 ; gain = 216.855
---------------------------------------------------------------------------------
---------------------------------------------------------------------------------
Finished Constraint Validation : Time (s): cpu = 00:00:07 ; elapsed = 00:00:08 . Memory (MB): peak = 509.121 ; gain = 216.855
---------------------------------------------------------------------------------
---------------------------------------------------------------------------------
Start Loading Part and Timing Information
---------------------------------------------------------------------------------
Loading part: xc7a12ticsg325-1L
---------------------------------------------------------------------------------
Finished Loading Part and Timing Information : Time (s): cpu = 00:00:07 ; elapsed = 00:00:08 . Memory (MB): peak = 509.121 ; gain = 216.855
---------------------------------------------------------------------------------
INFO: [Device 21-403] Loading part xc7a12ticsg325-1L
INFO: [Synth 8-5546] ROM "IMArray" won't be mapped to RAM because it is too sparse
INFO: [Synth 8-5546] ROM "out_bits" won't be mapped to RAM because it is too sparse
INFO: [Synth 8-5546] ROM "out_bits" won't be mapped to RAM because it is too sparse
INFO: [Synth 8-5546] ROM "out_bits" won't be mapped to RAM because it is too sparse
INFO: [Synth 8-5546] ROM "out_bits" won't be mapped to RAM because it is too sparse
INFO: [Synth 8-5818] HDL ADVISOR - The operator resource <adder> is shared. To prevent sharing consider applying a KEEP on the output of the operator [C:/Users/nicol/Documents/GitHub/VHDL_Course/RV32I_SingleStage/RISCV_VivadoVHDLProject_vicilogic/HDLmodel/EX/EX.vhd:61]
INFO: [Synth 8-5818] HDL ADVISOR - The operator resource <adder> is shared. To prevent sharing consider applying a KEEP on the output of the operator [C:/Users/nicol/Documents/GitHub/VHDL_Course/RV32I_SingleStage/RISCV_VivadoVHDLProject_vicilogic/HDLmodel/MEM/CB16CLED.vhd:57]
WARNING: [Synth 8-327] inferring latch for variable 'branch_reg' [C:/Users/nicol/Documents/GitHub/VHDL_Course/RV32I_SingleStage/RISCV_VivadoVHDLProject_vicilogic/HDLmodel/EX/ALU.vhd:66]
WARNING: [Synth 8-327] inferring latch for variable 'zero_reg' [C:/Users/nicol/Documents/GitHub/VHDL_Course/RV32I_SingleStage/RISCV_VivadoVHDLProject_vicilogic/HDLmodel/EX/ALU.vhd:58]
WARNING: [Synth 8-327] inferring latch for variable 'out_s_reg' [C:/Users/nicol/Documents/GitHub/VHDL_Course/RV32I_SingleStage/RISCV_VivadoVHDLProject_vicilogic/HDLmodel/EX/ALU.vhd:26]
WARNING: [Synth 8-327] inferring latch for variable 'cInPOutP_reg' [C:/Users/nicol/Documents/GitHub/VHDL_Course/RV32I_SingleStage/RISCV_VivadoVHDLProject_vicilogic/HDLmodel/MEM/MEM.vhd:128]
WARNING: [Synth 8-327] inferring latch for variable 'outport_reg' [C:/Users/nicol/Documents/GitHub/VHDL_Course/RV32I_SingleStage/RISCV_VivadoVHDLProject_vicilogic/HDLmodel/MEM/MEM.vhd:137]
---------------------------------------------------------------------------------
Finished RTL Optimization Phase 2 : Time (s): cpu = 00:00:09 ; elapsed = 00:00:09 . Memory (MB): peak = 509.121 ; gain = 216.855
---------------------------------------------------------------------------------

Report RTL Partitions: 
+-+--------------+------------+----------+
| |RTL Partition |Replication |Instances |
+-+--------------+------------+----------+
+-+--------------+------------+----------+
No constraint files found.
---------------------------------------------------------------------------------
Start RTL Component Statistics 
---------------------------------------------------------------------------------
Detailed RTL Component Info : 
+---Adders : 
	   2 Input     32 Bit       Adders := 3     
	   3 Input     32 Bit       Adders := 1     
	   2 Input     16 Bit       Adders := 1     
+---XORs : 
	   2 Input     32 Bit         XORs := 1     
+---Registers : 
	               32 Bit    Registers := 33    
	               16 Bit    Registers := 6     
	                1 Bit    Registers := 3     
+---Muxes : 
	  65 Input     32 Bit        Muxes := 1     
	   2 Input     32 Bit        Muxes := 11    
	   4 Input     32 Bit        Muxes := 1     
	   6 Input     32 Bit        Muxes := 1     
	   3 Input     32 Bit        Muxes := 1     
	  22 Input     18 Bit        Muxes := 1     
	   4 Input     18 Bit        Muxes := 1     
	  12 Input     18 Bit        Muxes := 1     
	   5 Input     18 Bit        Muxes := 1     
	   2 Input     16 Bit        Muxes := 1     
	   2 Input      6 Bit        Muxes := 1     
	   2 Input      5 Bit        Muxes := 3     
	   2 Input      3 Bit        Muxes := 1     
	   2 Input      2 Bit        Muxes := 1     
	   2 Input      1 Bit        Muxes := 37    
	   6 Input      1 Bit        Muxes := 2     
---------------------------------------------------------------------------------
Finished RTL Component Statistics 
---------------------------------------------------------------------------------
---------------------------------------------------------------------------------
Start RTL Hierarchical Component Statistics 
---------------------------------------------------------------------------------
Hierarchical RTL Component report 
Module RISCV 
Detailed RTL Component Info : 
+---Muxes : 
	   2 Input     32 Bit        Muxes := 1     
Module IM 
Detailed RTL Component Info : 
+---Muxes : 
	  65 Input     32 Bit        Muxes := 1     
Module CB32CLEIncValue 
Detailed RTL Component Info : 
+---Adders : 
	   2 Input     32 Bit       Adders := 1     
+---Registers : 
	               32 Bit    Registers := 1     
Module DEC 
Detailed RTL Component Info : 
+---Muxes : 
	   2 Input     32 Bit        Muxes := 4     
	  22 Input     18 Bit        Muxes := 1     
	   4 Input     18 Bit        Muxes := 1     
	  12 Input     18 Bit        Muxes := 1     
	   5 Input     18 Bit        Muxes := 1     
	   2 Input      6 Bit        Muxes := 1     
	   2 Input      5 Bit        Muxes := 3     
	   2 Input      3 Bit        Muxes := 1     
	   2 Input      1 Bit        Muxes := 2     
Module RB 
Detailed RTL Component Info : 
+---Registers : 
	               32 Bit    Registers := 32    
+---Muxes : 
	   2 Input      1 Bit        Muxes := 33    
Module ALU 
Detailed RTL Component Info : 
+---Adders : 
	   2 Input     32 Bit       Adders := 1     
	   3 Input     32 Bit       Adders := 1     
+---XORs : 
	   2 Input     32 Bit         XORs := 1     
+---Muxes : 
	   2 Input      1 Bit        Muxes := 1     
Module EX 
Detailed RTL Component Info : 
+---Adders : 
	   2 Input     32 Bit       Adders := 1     
+---Muxes : 
	   4 Input     32 Bit        Muxes := 1     
	   2 Input     32 Bit        Muxes := 3     
Module CB16CLED 
Detailed RTL Component Info : 
+---Adders : 
	   2 Input     16 Bit       Adders := 1     
+---Registers : 
	               16 Bit    Registers := 1     
+---Muxes : 
	   2 Input     16 Bit        Muxes := 1     
	   2 Input      2 Bit        Muxes := 1     
	   2 Input      1 Bit        Muxes := 1     
Module MEM 
Detailed RTL Component Info : 
+---Registers : 
	               16 Bit    Registers := 5     
	                1 Bit    Registers := 3     
+---Muxes : 
	   2 Input     32 Bit        Muxes := 3     
	   6 Input      1 Bit        Muxes := 2     
Module WB 
Detailed RTL Component Info : 
+---Muxes : 
	   6 Input     32 Bit        Muxes := 1     
	   3 Input     32 Bit        Muxes := 1     
---------------------------------------------------------------------------------
Finished RTL Hierarchical Component Statistics
---------------------------------------------------------------------------------
---------------------------------------------------------------------------------
Start Part Resource Summary
---------------------------------------------------------------------------------
Part Resources:
DSPs: 40 (col length:40)
BRAMs: 40 (col length: RAMB18 40 RAMB36 20)
---------------------------------------------------------------------------------
Finished Part Resource Summary
---------------------------------------------------------------------------------
No constraint files found.
---------------------------------------------------------------------------------
Start Cross Boundary and Area Optimization
---------------------------------------------------------------------------------
Warning: Parallel synthesis criteria is not met 
WARNING: [Synth 8-3331] design MEM has unconnected port add[31]
WARNING: [Synth 8-3331] design MEM has unconnected port add[30]
WARNING: [Synth 8-3331] design MEM has unconnected port add[29]
WARNING: [Synth 8-3331] design MEM has unconnected port add[28]
WARNING: [Synth 8-3331] design MEM has unconnected port add[27]
WARNING: [Synth 8-3331] design MEM has unconnected port add[26]
WARNING: [Synth 8-3331] design MEM has unconnected port add[25]
WARNING: [Synth 8-3331] design MEM has unconnected port add[24]
WARNING: [Synth 8-3331] design MEM has unconnected port add[23]
WARNING: [Synth 8-3331] design MEM has unconnected port add[22]
WARNING: [Synth 8-3331] design MEM has unconnected port add[21]
WARNING: [Synth 8-3331] design MEM has unconnected port add[20]
WARNING: [Synth 8-3331] design MEM has unconnected port add[19]
WARNING: [Synth 8-3331] design MEM has unconnected port add[18]
WARNING: [Synth 8-3331] design MEM has unconnected port add[17]
WARNING: [Synth 8-3331] design MEM has unconnected port add[15]
WARNING: [Synth 8-3331] design MEM has unconnected port add[14]
WARNING: [Synth 8-3331] design MEM has unconnected port add[13]
WARNING: [Synth 8-3331] design MEM has unconnected port add[12]
WARNING: [Synth 8-3331] design MEM has unconnected port add[11]
WARNING: [Synth 8-3331] design MEM has unconnected port add[10]
WARNING: [Synth 8-3331] design MEM has unconnected port add[9]
WARNING: [Synth 8-3331] design MEM has unconnected port add[8]
WARNING: [Synth 8-3331] design MEM has unconnected port add[7]
WARNING: [Synth 8-3331] design MEM has unconnected port add[6]
WARNING: [Synth 8-3331] design MEM has unconnected port add[5]
WARNING: [Synth 8-3331] design MEM has unconnected port DToM[31]
WARNING: [Synth 8-3331] design MEM has unconnected port DToM[30]
WARNING: [Synth 8-3331] design MEM has unconnected port DToM[29]
WARNING: [Synth 8-3331] design MEM has unconnected port DToM[28]
WARNING: [Synth 8-3331] design MEM has unconnected port DToM[27]
INFO: [Common 17-14] Message 'Synth 8-3331' appears 100 times and further instances of the messages will be disabled. Use the Tcl command set_msg_config to change the current settings.
WARNING: [Synth 8-3332] Sequential element (ALU_i/branch_reg) is unused and will be removed from module EX.
WARNING: [Synth 8-3332] Sequential element (ALU_i/zero_reg) is unused and will be removed from module EX.
WARNING: [Synth 8-3332] Sequential element (ALU_i/out_s_reg[31]) is unused and will be removed from module EX.
WARNING: [Synth 8-3332] Sequential element (ALU_i/out_s_reg[30]) is unused and will be removed from module EX.
WARNING: [Synth 8-3332] Sequential element (ALU_i/out_s_reg[29]) is unused and will be removed from module EX.
WARNING: [Synth 8-3332] Sequential element (ALU_i/out_s_reg[28]) is unused and will be removed from module EX.
WARNING: [Synth 8-3332] Sequential element (ALU_i/out_s_reg[27]) is unused and will be removed from module EX.
WARNING: [Synth 8-3332] Sequential element (ALU_i/out_s_reg[26]) is unused and will be removed from module EX.
WARNING: [Synth 8-3332] Sequential element (ALU_i/out_s_reg[25]) is unused and will be removed from module EX.
WARNING: [Synth 8-3332] Sequential element (ALU_i/out_s_reg[24]) is unused and will be removed from module EX.
WARNING: [Synth 8-3332] Sequential element (ALU_i/out_s_reg[23]) is unused and will be removed from module EX.
WARNING: [Synth 8-3332] Sequential element (ALU_i/out_s_reg[22]) is unused and will be removed from module EX.
WARNING: [Synth 8-3332] Sequential element (ALU_i/out_s_reg[21]) is unused and will be removed from module EX.
WARNING: [Synth 8-3332] Sequential element (ALU_i/out_s_reg[20]) is unused and will be removed from module EX.
WARNING: [Synth 8-3332] Sequential element (ALU_i/out_s_reg[19]) is unused and will be removed from module EX.
WARNING: [Synth 8-3332] Sequential element (ALU_i/out_s_reg[18]) is unused and will be removed from module EX.
WARNING: [Synth 8-3332] Sequential element (ALU_i/out_s_reg[17]) is unused and will be removed from module EX.
WARNING: [Synth 8-3332] Sequential element (ALU_i/out_s_reg[16]) is unused and will be removed from module EX.
WARNING: [Synth 8-3332] Sequential element (ALU_i/out_s_reg[15]) is unused and will be removed from module EX.
WARNING: [Synth 8-3332] Sequential element (ALU_i/out_s_reg[14]) is unused and will be removed from module EX.
WARNING: [Synth 8-3332] Sequential element (ALU_i/out_s_reg[13]) is unused and will be removed from module EX.
WARNING: [Synth 8-3332] Sequential element (ALU_i/out_s_reg[12]) is unused and will be removed from module EX.
WARNING: [Synth 8-3332] Sequential element (ALU_i/out_s_reg[11]) is unused and will be removed from module EX.
WARNING: [Synth 8-3332] Sequential element (ALU_i/out_s_reg[10]) is unused and will be removed from module EX.
WARNING: [Synth 8-3332] Sequential element (ALU_i/out_s_reg[9]) is unused and will be removed from module EX.
WARNING: [Synth 8-3332] Sequential element (ALU_i/out_s_reg[8]) is unused and will be removed from module EX.
WARNING: [Synth 8-3332] Sequential element (ALU_i/out_s_reg[7]) is unused and will be removed from module EX.
WARNING: [Synth 8-3332] Sequential element (ALU_i/out_s_reg[6]) is unused and will be removed from module EX.
WARNING: [Synth 8-3332] Sequential element (ALU_i/out_s_reg[5]) is unused and will be removed from module EX.
WARNING: [Synth 8-3332] Sequential element (ALU_i/out_s_reg[4]) is unused and will be removed from module EX.
WARNING: [Synth 8-3332] Sequential element (ALU_i/out_s_reg[3]) is unused and will be removed from module EX.
WARNING: [Synth 8-3332] Sequential element (ALU_i/out_s_reg[2]) is unused and will be removed from module EX.
WARNING: [Synth 8-3332] Sequential element (ALU_i/out_s_reg[1]) is unused and will be removed from module EX.
WARNING: [Synth 8-3332] Sequential element (ALU_i/out_s_reg[0]) is unused and will be removed from module EX.
WARNING: [Synth 8-3332] Sequential element (cInPOutP_reg[31]) is unused and will be removed from module MEM.
WARNING: [Synth 8-3332] Sequential element (cInPOutP_reg[30]) is unused and will be removed from module MEM.
WARNING: [Synth 8-3332] Sequential element (cInPOutP_reg[29]) is unused and will be removed from module MEM.
WARNING: [Synth 8-3332] Sequential element (cInPOutP_reg[28]) is unused and will be removed from module MEM.
WARNING: [Synth 8-3332] Sequential element (cInPOutP_reg[27]) is unused and will be removed from module MEM.
WARNING: [Synth 8-3332] Sequential element (cInPOutP_reg[26]) is unused and will be removed from module MEM.
WARNING: [Synth 8-3332] Sequential element (cInPOutP_reg[25]) is unused and will be removed from module MEM.
WARNING: [Synth 8-3332] Sequential element (cInPOutP_reg[24]) is unused and will be removed from module MEM.
WARNING: [Synth 8-3332] Sequential element (cInPOutP_reg[23]) is unused and will be removed from module MEM.
WARNING: [Synth 8-3332] Sequential element (cInPOutP_reg[22]) is unused and will be removed from module MEM.
WARNING: [Synth 8-3332] Sequential element (cInPOutP_reg[21]) is unused and will be removed from module MEM.
WARNING: [Synth 8-3332] Sequential element (cInPOutP_reg[20]) is unused and will be removed from module MEM.
WARNING: [Synth 8-3332] Sequential element (cInPOutP_reg[19]) is unused and will be removed from module MEM.
WARNING: [Synth 8-3332] Sequential element (cInPOutP_reg[18]) is unused and will be removed from module MEM.
WARNING: [Synth 8-3332] Sequential element (cInPOutP_reg[17]) is unused and will be removed from module MEM.
WARNING: [Synth 8-3332] Sequential element (cInPOutP_reg[16]) is unused and will be removed from module MEM.
WARNING: [Synth 8-3332] Sequential element (cInPOutP_reg[15]) is unused and will be removed from module MEM.
WARNING: [Synth 8-3332] Sequential element (cInPOutP_reg[14]) is unused and will be removed from module MEM.
WARNING: [Synth 8-3332] Sequential element (cInPOutP_reg[13]) is unused and will be removed from module MEM.
WARNING: [Synth 8-3332] Sequential element (cInPOutP_reg[12]) is unused and will be removed from module MEM.
WARNING: [Synth 8-3332] Sequential element (cInPOutP_reg[11]) is unused and will be removed from module MEM.
WARNING: [Synth 8-3332] Sequential element (cInPOutP_reg[10]) is unused and will be removed from module MEM.
WARNING: [Synth 8-3332] Sequential element (cInPOutP_reg[9]) is unused and will be removed from module MEM.
WARNING: [Synth 8-3332] Sequential element (cInPOutP_reg[8]) is unused and will be removed from module MEM.
WARNING: [Synth 8-3332] Sequential element (cInPOutP_reg[7]) is unused and will be removed from module MEM.
WARNING: [Synth 8-3332] Sequential element (cInPOutP_reg[6]) is unused and will be removed from module MEM.
WARNING: [Synth 8-3332] Sequential element (cInPOutP_reg[5]) is unused and will be removed from module MEM.
WARNING: [Synth 8-3332] Sequential element (cInPOutP_reg[4]) is unused and will be removed from module MEM.
WARNING: [Synth 8-3332] Sequential element (cInPOutP_reg[3]) is unused and will be removed from module MEM.
WARNING: [Synth 8-3332] Sequential element (cInPOutP_reg[2]) is unused and will be removed from module MEM.
WARNING: [Synth 8-3332] Sequential element (cInPOutP_reg[1]) is unused and will be removed from module MEM.
WARNING: [Synth 8-3332] Sequential element (cInPOutP_reg[0]) is unused and will be removed from module MEM.
WARNING: [Synth 8-3332] Sequential element (outport_reg[15]) is unused and will be removed from module MEM.
WARNING: [Synth 8-3332] Sequential element (outport_reg[14]) is unused and will be removed from module MEM.
WARNING: [Synth 8-3332] Sequential element (outport_reg[13]) is unused and will be removed from module MEM.
WARNING: [Synth 8-3332] Sequential element (outport_reg[12]) is unused and will be removed from module MEM.
WARNING: [Synth 8-3332] Sequential element (outport_reg[11]) is unused and will be removed from module MEM.
WARNING: [Synth 8-3332] Sequential element (outport_reg[10]) is unused and will be removed from module MEM.
WARNING: [Synth 8-3332] Sequential element (outport_reg[9]) is unused and will be removed from module MEM.
WARNING: [Synth 8-3332] Sequential element (outport_reg[8]) is unused and will be removed from module MEM.
WARNING: [Synth 8-3332] Sequential element (outport_reg[7]) is unused and will be removed from module MEM.
WARNING: [Synth 8-3332] Sequential element (outport_reg[6]) is unused and will be removed from module MEM.
WARNING: [Synth 8-3332] Sequential element (outport_reg[5]) is unused and will be removed from module MEM.
WARNING: [Synth 8-3332] Sequential element (outport_reg[4]) is unused and will be removed from module MEM.
WARNING: [Synth 8-3332] Sequential element (outport_reg[3]) is unused and will be removed from module MEM.
WARNING: [Synth 8-3332] Sequential element (outport_reg[2]) is unused and will be removed from module MEM.
WARNING: [Synth 8-3332] Sequential element (outport_reg[1]) is unused and will be removed from module MEM.
WARNING: [Synth 8-3332] Sequential element (outport_reg[0]) is unused and will be removed from module MEM.
---------------------------------------------------------------------------------
Finished Cross Boundary and Area Optimization : Time (s): cpu = 00:00:12 ; elapsed = 00:00:12 . Memory (MB): peak = 641.211 ; gain = 348.945
---------------------------------------------------------------------------------

Report RTL Partitions: 
+-+--------------+------------+----------+
| |RTL Partition |Replication |Instances |
+-+--------------+------------+----------+
+-+--------------+------------+----------+
No constraint files found.
---------------------------------------------------------------------------------
Start Timing Optimization
---------------------------------------------------------------------------------
---------------------------------------------------------------------------------
Finished Timing Optimization : Time (s): cpu = 00:00:12 ; elapsed = 00:00:12 . Memory (MB): peak = 641.211 ; gain = 348.945
---------------------------------------------------------------------------------

Report RTL Partitions: 
+-+--------------+------------+----------+
| |RTL Partition |Replication |Instances |
+-+--------------+------------+----------+
+-+--------------+------------+----------+
---------------------------------------------------------------------------------
Start Technology Mapping
---------------------------------------------------------------------------------
---------------------------------------------------------------------------------
Finished Technology Mapping : Time (s): cpu = 00:00:12 ; elapsed = 00:00:12 . Memory (MB): peak = 641.211 ; gain = 348.945
---------------------------------------------------------------------------------

Report RTL Partitions: 
+-+--------------+------------+----------+
| |RTL Partition |Replication |Instances |
+-+--------------+------------+----------+
+-+--------------+------------+----------+
---------------------------------------------------------------------------------
Start IO Insertion
---------------------------------------------------------------------------------
---------------------------------------------------------------------------------
Start Flattening Before IO Insertion
---------------------------------------------------------------------------------
---------------------------------------------------------------------------------
Finished Flattening Before IO Insertion
---------------------------------------------------------------------------------
---------------------------------------------------------------------------------
Start Final Netlist Cleanup
---------------------------------------------------------------------------------
---------------------------------------------------------------------------------
Finished Final Netlist Cleanup
---------------------------------------------------------------------------------
---------------------------------------------------------------------------------
Finished IO Insertion : Time (s): cpu = 00:00:15 ; elapsed = 00:00:15 . Memory (MB): peak = 641.211 ; gain = 348.945
---------------------------------------------------------------------------------

Report Check Netlist: 
+------+------------------+-------+---------+-------+------------------+
|      |Item              |Errors |Warnings |Status |Description       |
+------+------------------+-------+---------+-------+------------------+
|1     |multi_driven_nets |      0|        0|Passed |Multi driven nets |
+------+------------------+-------+---------+-------+------------------+
---------------------------------------------------------------------------------
Start Renaming Generated Instances
---------------------------------------------------------------------------------
---------------------------------------------------------------------------------
Finished Renaming Generated Instances : Time (s): cpu = 00:00:15 ; elapsed = 00:00:15 . Memory (MB): peak = 641.211 ; gain = 348.945
---------------------------------------------------------------------------------

Report RTL Partitions: 
+-+--------------+------------+----------+
| |RTL Partition |Replication |Instances |
+-+--------------+------------+----------+
+-+--------------+------------+----------+
---------------------------------------------------------------------------------
Start Rebuilding User Hierarchy
---------------------------------------------------------------------------------
---------------------------------------------------------------------------------
Finished Rebuilding User Hierarchy : Time (s): cpu = 00:00:15 ; elapsed = 00:00:15 . Memory (MB): peak = 641.211 ; gain = 348.945
---------------------------------------------------------------------------------
---------------------------------------------------------------------------------
Start Renaming Generated Ports
---------------------------------------------------------------------------------
---------------------------------------------------------------------------------
Finished Renaming Generated Ports : Time (s): cpu = 00:00:15 ; elapsed = 00:00:15 . Memory (MB): peak = 641.211 ; gain = 348.945
---------------------------------------------------------------------------------
---------------------------------------------------------------------------------
Start Handling Custom Attributes
---------------------------------------------------------------------------------
---------------------------------------------------------------------------------
Finished Handling Custom Attributes : Time (s): cpu = 00:00:15 ; elapsed = 00:00:15 . Memory (MB): peak = 641.211 ; gain = 348.945
---------------------------------------------------------------------------------
---------------------------------------------------------------------------------
Start Renaming Generated Nets
---------------------------------------------------------------------------------
---------------------------------------------------------------------------------
Finished Renaming Generated Nets : Time (s): cpu = 00:00:15 ; elapsed = 00:00:15 . Memory (MB): peak = 641.211 ; gain = 348.945
---------------------------------------------------------------------------------
---------------------------------------------------------------------------------
Start Writing Synthesis Report
---------------------------------------------------------------------------------

Report BlackBoxes: 
+-+--------------+----------+
| |BlackBox name |Instances |
+-+--------------+----------+
+-+--------------+----------+

Report Cell Usage: 
+-+-----+------+
| |Cell |Count |
+-+-----+------+
+-+-----+------+

Report Instance Areas: 
+------+---------+-------+------+
|      |Instance |Module |Cells |
+------+---------+-------+------+
|1     |top      |       |     0|
+------+---------+-------+------+
---------------------------------------------------------------------------------
Finished Writing Synthesis Report : Time (s): cpu = 00:00:15 ; elapsed = 00:00:15 . Memory (MB): peak = 641.211 ; gain = 348.945
---------------------------------------------------------------------------------
Synthesis finished with 0 errors, 0 critical warnings and 275 warnings.
Synthesis Optimization Runtime : Time (s): cpu = 00:00:15 ; elapsed = 00:00:15 . Memory (MB): peak = 641.211 ; gain = 348.945
Synthesis Optimization Complete : Time (s): cpu = 00:00:15 ; elapsed = 00:00:15 . Memory (MB): peak = 641.211 ; gain = 348.945
INFO: [Project 1-571] Translating synthesized netlist
INFO: [Project 1-570] Preparing netlist for logic optimization
INFO: [Opt 31-138] Pushed 0 inverter(s) to 0 load pin(s).
Netlist sorting complete. Time (s): cpu = 00:00:00 ; elapsed = 00:00:00 . Memory (MB): peak = 737.285 ; gain = 0.000
INFO: [Project 1-111] Unisim Transformation Summary:
No Unisim elements were transformed.

INFO: [Common 17-83] Releasing license: Synthesis
50 Infos, 264 Warnings, 0 Critical Warnings and 0 Errors encountered.
synth_design completed successfully
synth_design: Time (s): cpu = 00:00:22 ; elapsed = 00:00:25 . Memory (MB): peak = 737.285 ; gain = 445.020
Netlist sorting complete. Time (s): cpu = 00:00:00 ; elapsed = 00:00:00 . Memory (MB): peak = 737.285 ; gain = 0.000
WARNING: [Constraints 18-5210] No constraints selected for write.
Resolution: This message can indicate that there are no constraints for the design, or it can indicate that the used_in flags are set such that the constraints are ignored. This later case is used when running synth_design to not write synthesis constraints to the resulting checkpoint. Instead, project constraints are read when the synthesized design is opened.
INFO: [Common 17-1381] The checkpoint 'C:/Users/nicol/Documents/GitHub/VHDL_Course/RV32I_SingleStage/RISCV_VivadoVHDLProject_vicilogic/xilinxprj/RISCV/riscv.runs/synth_1/RISCV.dcp' has been generated.
INFO: [runtcl-4] Executing : report_utilization -file RISCV_utilization_synth.rpt -pb RISCV_utilization_synth.pb
INFO: [Common 17-206] Exiting Vivado at Thu May 27 23:18:44 2021...
